Line 91: Class TabDlg.SSTab of control tabdata was not a loaded control class.
Line 1089: Class MSGrid.Grid of control Grid1 was not a loaded control class.
Line 98: The property name _Version in tabdata is invalid.
Line 99: The property name _ExtentX in tabdata is invalid.
Line 100: The property name _ExtentY in tabdata is invalid.
Line 101: The property name _StockProps in tabdata is invalid.
Line 102: The property name Caption in tabdata is invalid.
Line 103: The property name TabsPerRow in tabdata is invalid.
Line 104: The property name Tab in tabdata is invalid.
Line 105: The property name TabOrientation in tabdata is invalid.
Line 106: The property name Tabs in tabdata is invalid.
Line 107: The property name Style in tabdata is invalid.
Line 108: The property name TabMaxWidth in tabdata is invalid.
Line 109: The property name TabHeight in tabdata is invalid.
Line 110: The property name WordWrap in tabdata is invalid.
Line 111: The property name TabCaption(0) in tabdata is invalid.
Line 112: The property name Tab(0).ControlCount in tabdata is invalid.
Line 113: The property name Tab(0).ControlEnabled in tabdata is invalid.
Line 114: The property name Tab(0).Control(0) in tabdata is invalid.
Line 115: The property name Tab(0).Control(1) in tabdata is invalid.
Line 116: The property name Tab(0).Control(2) in tabdata is invalid.
Line 117: The property name Tab(0).Control(3) in tabdata is invalid.
Line 118: The property name Tab(0).Control(4) in tabdata is invalid.
Line 119: The property name Tab(0).Control(5) in tabdata is invalid.
Line 120: The property name Tab(0).Control(6) in tabdata is invalid.
Line 121: The property name Tab(0).Control(7) in tabdata is invalid.
Line 122: The property name Tab(0).Control(8) in tabdata is invalid.
Line 123: The property name Tab(0).Control(9) in tabdata is invalid.
Line 124: The property name Tab(0).Control(10) in tabdata is invalid.
Line 125: The property name Tab(0).Control(11) in tabdata is invalid.
Line 126: The property name Tab(0).Control(12) in tabdata is invalid.
Line 127: The property name Tab(0).Control(13) in tabdata is invalid.
Line 128: The property name Tab(0).Control(14) in tabdata is invalid.
Line 129: The property name TabCaption(1) in tabdata is invalid.
Line 130: The property name Tab(1).ControlCount in tabdata is invalid.
Line 131: The property name Tab(1).ControlEnabled in tabdata is invalid.
Line 132: The property name Tab(1).Control(0) in tabdata is invalid.
Line 133: The property name Tab(1).Control(1) in tabdata is invalid.
Line 134: The property name Tab(1).Control(2) in tabdata is invalid.
Line 135: The property name Tab(1).Control(3) in tabdata is invalid.
Line 136: The property name Tab(1).Control(4) in tabdata is invalid.
Line 137: The property name Tab(1).Control(5) in tabdata is invalid.
Line 138: The property name Tab(1).Control(6) in tabdata is invalid.
Line 139: The property name Tab(1).Control(7) in tabdata is invalid.
Line 140: The property name Tab(1).Control(8) in tabdata is invalid.
Line 141: The property name Tab(1).Control(9) in tabdata is invalid.
Line 142: The property name Tab(1).Control(10) in tabdata is invalid.
Line 143: The property name Tab(1).Control(11) in tabdata is invalid.
Line 144: The property name Tab(1).Control(12) in tabdata is invalid.
Line 145: The property name Tab(1).Control(13) in tabdata is invalid.
Line 146: The property name Tab(1).Control(14) in tabdata is invalid.
Line 147: The property name TabCaption(2) in tabdata is invalid.
Line 148: The property name Tab(2).ControlCount in tabdata is invalid.
Line 149: The property name Tab(2).ControlEnabled in tabdata is invalid.
Line 150: The property name Tab(2).Control(0) in tabdata is invalid.
Line 151: The property name Tab(2).Control(1) in tabdata is invalid.
Line 152: The property name Tab(2).Control(2) in tabdata is invalid.
Line 153: The property name Tab(2).Control(3) in tabdata is invalid.
Line 154: The property name Tab(2).Control(4) in tabdata is invalid.
Line 155: The property name Tab(2).Control(5) in tabdata is invalid.
Line 156: The property name Tab(2).Control(6) in tabdata is invalid.
Line 157: The property name Tab(2).Control(7) in tabdata is invalid.
Line 158: The property name Tab(2).Control(8) in tabdata is invalid.
Line 159: The property name Tab(2).Control(9) in tabdata is invalid.
Line 160: The property name TabCaption(3) in tabdata is invalid.
Line 161: The property name Tab(3).ControlCount in tabdata is invalid.
Line 162: The property name Tab(3).ControlEnabled in tabdata is invalid.
Line 163: The property name Tab(3).Control(0) in tabdata is invalid.
Line 164: The property name Tab(3).Control(1) in tabdata is invalid.
Line 165: The property name Tab(3).Control(2) in tabdata is invalid.
Line 166: The property name Tab(3).Control(3) in tabdata is invalid.
Line 167: The property name Tab(3).Control(4) in tabdata is invalid.
Line 168: The property name Tab(3).Control(5) in tabdata is invalid.
Line 169: The property name Tab(3).Control(6) in tabdata is invalid.
Line 170: The property name Tab(3).Control(7) in tabdata is invalid.
Line 171: The property name Tab(3).Control(8) in tabdata is invalid.
Line 172: The property name Tab(3).Control(9) in tabdata is invalid.
Line 173: The property name Tab(3).Control(10) in tabdata is invalid.
Line 174: The property name Tab(3).Control(11) in tabdata is invalid.
Line 175: The property name Tab(3).Control(12) in tabdata is invalid.
Line 176: The property name Tab(3).Control(13) in tabdata is invalid.
Line 177: The property name Tab(3).Control(14) in tabdata is invalid.
Line 178: The property name Tab(3).Control(15) in tabdata is invalid.
Line 179: The property name Tab(3).Control(16) in tabdata is invalid.
Line 180: The property name Tab(3).Control(17) in tabdata is invalid.
Line 181: The property name Tab(3).Control(18) in tabdata is invalid.
Line 182: The property name Tab(3).Control(19) in tabdata is invalid.
Line 183: The property name Tab(3).Control(20) in tabdata is invalid.
Line 1096: The property name _Version in Grid1 is invalid.
Line 1097: The property name _ExtentX in Grid1 is invalid.
Line 1098: The property name _ExtentY in Grid1 is invalid.
Line 1099: The property name _StockProps in Grid1 is invalid.
Line 1110: The property name Rows in Grid1 is invalid.
Line 1111: The property name Cols in Grid1 is invalid.
Line 1112: The property name FixedRows in Grid1 is invalid.
Line 1113: The property name ScrollBars in Grid1 is invalid.
Line 1114: The property name HighLight in Grid1 is invalid.
